2025-06-15 18:00:40,323 [main] INFO  marytts.main Mary starting up...
2025-06-15 18:00:40,325 [main] INFO  marytts.main Specification version 5.2
2025-06-15 18:00:40,325 [main] INFO  marytts.main Implementation version unknown
2025-06-15 18:00:40,325 [main] INFO  marytts.main Running on a Java 24.0.1 implementation by Arch Linux, on a Linux platform (amd64, 6.15.2-arch1-1)
2025-06-15 18:00:40,364 [main] INFO  marytts.ModuleRegistry Now initiating mary module 'marytts.modules.Synthesis'
2025-06-15 18:00:40,366 [main] INFO  marytts.ModuleRegistry Now initiating mary module 'marytts.modules.TextToMaryXML'
2025-06-15 18:00:40,366 [main] INFO  marytts.ModuleRegistry Now initiating mary module 'marytts.modules.SableParser'
2025-06-15 18:00:40,366 [main] INFO  marytts.ModuleRegistry Now initiating mary module 'marytts.modules.SSMLParser'
2025-06-15 18:00:40,367 [main] INFO  marytts.ModuleRegistry Now initiating mary module 'marytts.modules.APMLParser'
2025-06-15 18:00:40,367 [main] INFO  marytts.ModuleRegistry Now initiating mary module 'marytts.modules.EmotionmlParser'
2025-06-15 18:00:40,367 [main] INFO  marytts.ModuleRegistry Now initiating mary module 'marytts.modules.JTokeniser'
2025-06-15 18:00:40,368 [main] INFO  marytts.ModuleRegistry Now initiating mary module 'marytts.modules.DummyTokens2Words'
2025-06-15 18:00:40,368 [main] INFO  marytts.ModuleRegistry Now initiating mary module 'marytts.modules.ProsodyGeneric'
2025-06-15 18:00:40,370 [main] INFO  marytts.ModuleRegistry Now initiating mary module 'marytts.modules.PronunciationModel'
2025-06-15 18:00:40,370 [main] INFO  marytts.ModuleRegistry Now initiating mary module 'marytts.modules.TargetFeatureLister'
2025-06-15 18:00:40,370 [main] INFO  marytts.ModuleRegistry Now initiating mary module 'marytts.modules.HalfPhoneTargetFeatureLister'
2025-06-15 18:00:40,371 [main] INFO  marytts.ModuleRegistry Now initiating mary module 'marytts.modules.AcousticModeller'
2025-06-15 18:00:40,372 [main] INFO  marytts.ModuleRegistry Now initiating mary module 'marytts.modules.RealisedAcoustparamsExtractor'
2025-06-15 18:00:40,372 [main] INFO  marytts.ModuleRegistry Now initiating mary module 'marytts.modules.RealisedDurationsExtractor'
2025-06-15 18:00:40,372 [main] INFO  marytts.ModuleRegistry Now initiating mary module 'marytts.modules.HTSEngine'
2025-06-15 18:00:40,373 [main] INFO  marytts.ModuleRegistry Now initiating mary module 'marytts.modules.PraatTextGridGenerator'
2025-06-15 18:00:40,375 [main] INFO  marytts.UnitSelectionSynthesizer started.
2025-06-15 18:00:40,376 [main] INFO  marytts.TargetFeatureLister Module started (ACOUSTPARAMS->TARGETFEATURES, locale null).
2025-06-15 18:00:40,376 [main] INFO  marytts.HTSEngine Module started (TARGETFEATURES->AUDIO, locale null).
2025-06-15 18:04:09,239 [main] INFO  marytts.main Mary starting up...
2025-06-15 18:04:09,240 [main] INFO  marytts.main Specification version 5.2
2025-06-15 18:04:09,240 [main] INFO  marytts.main Implementation version unknown
2025-06-15 18:04:09,240 [main] INFO  marytts.main Running on a Java 24.0.1 implementation by Arch Linux, on a Linux platform (amd64, 6.15.2-arch1-1)
2025-06-15 18:04:09,285 [main] INFO  marytts.ModuleRegistry Now initiating mary module 'marytts.modules.JPhonemiser(tr.)'
2025-06-15 18:04:09,296 [main] INFO  marytts.ModuleRegistry Now initiating mary module 'marytts.modules.MinimalisticPosTagger(tr,tr.)'
2025-06-15 18:04:09,297 [main] INFO  marytts.ModuleRegistry Now initiating mary module 'marytts.modules.Synthesis'
2025-06-15 18:04:09,297 [main] INFO  marytts.ModuleRegistry Now initiating mary module 'marytts.modules.TextToMaryXML'
2025-06-15 18:04:09,297 [main] INFO  marytts.ModuleRegistry Now initiating mary module 'marytts.modules.SableParser'
2025-06-15 18:04:09,298 [main] INFO  marytts.ModuleRegistry Now initiating mary module 'marytts.modules.SSMLParser'
2025-06-15 18:04:09,298 [main] INFO  marytts.ModuleRegistry Now initiating mary module 'marytts.modules.APMLParser'
2025-06-15 18:04:09,298 [main] INFO  marytts.ModuleRegistry Now initiating mary module 'marytts.modules.EmotionmlParser'
2025-06-15 18:04:09,298 [main] INFO  marytts.ModuleRegistry Now initiating mary module 'marytts.modules.JTokeniser'
2025-06-15 18:04:09,299 [main] INFO  marytts.ModuleRegistry Now initiating mary module 'marytts.modules.DummyTokens2Words'
2025-06-15 18:04:09,299 [main] INFO  marytts.ModuleRegistry Now initiating mary module 'marytts.modules.ProsodyGeneric'
2025-06-15 18:04:09,300 [main] INFO  marytts.ModuleRegistry Now initiating mary module 'marytts.modules.PronunciationModel'
2025-06-15 18:04:09,300 [main] INFO  marytts.ModuleRegistry Now initiating mary module 'marytts.modules.TargetFeatureLister'
2025-06-15 18:04:09,301 [main] INFO  marytts.ModuleRegistry Now initiating mary module 'marytts.modules.HalfPhoneTargetFeatureLister'
2025-06-15 18:04:09,301 [main] INFO  marytts.ModuleRegistry Now initiating mary module 'marytts.modules.AcousticModeller'
2025-06-15 18:04:09,301 [main] INFO  marytts.ModuleRegistry Now initiating mary module 'marytts.modules.RealisedAcoustparamsExtractor'
2025-06-15 18:04:09,301 [main] INFO  marytts.ModuleRegistry Now initiating mary module 'marytts.modules.RealisedDurationsExtractor'
2025-06-15 18:04:09,302 [main] INFO  marytts.ModuleRegistry Now initiating mary module 'marytts.modules.HTSEngine'
2025-06-15 18:04:09,302 [main] INFO  marytts.ModuleRegistry Now initiating mary module 'marytts.modules.PraatTextGridGenerator'
2025-06-15 18:04:09,303 [main] INFO  marytts.JPhonemiser Module started (PARTSOFSPEECH->PHONEMES, locale tr).
2025-06-15 18:04:09,304 [main] INFO  marytts.JPhonemiser Starting power-on self test.
2025-06-15 18:04:09,304 [main] INFO  marytts.JPhonemiser Power-on self test complete.
2025-06-15 18:04:09,304 [main] INFO  marytts.OpenNLPPosTagger Module started (WORDS->PARTSOFSPEECH, locale tr).
2025-06-15 18:04:09,305 [main] INFO  marytts.OpenNLPPosTagger Starting power-on self test.
2025-06-15 18:04:09,305 [main] INFO  marytts.OpenNLPPosTagger Power-on self test complete.
2025-06-15 18:04:09,306 [main] INFO  marytts.UnitSelectionSynthesizer started.
2025-06-15 18:04:09,306 [main] INFO  marytts.TargetFeatureLister Module started (ACOUSTPARAMS->TARGETFEATURES, locale null).
2025-06-15 18:04:09,306 [main] INFO  marytts.HTSEngine Module started (TARGETFEATURES->AUDIO, locale null).
2025-06-15 18:04:09,314 [main] INFO  marytts.HMMData Loading Tree Set in CARTs:
2025-06-15 18:04:09,342 [main] INFO  marytts.HMMData Loading GV Model Set:
2025-06-15 18:04:09,407 [main] INFO  marytts.Voice Registering voice `dfki-ot-hsmm': male, locale tr
2025-06-15 18:04:09,407 [main] INFO  marytts.Voice New default voice for locale tr: dfki-ot-hsmm (desire 0)
2025-06-15 18:04:09,407 [main] INFO  marytts.HMMSynthesizer started.
2025-06-15 18:04:09,407 [main] INFO  marytts.Synthesis Module started (ACOUSTPARAMS->AUDIO, locale null).
2025-06-15 18:04:09,407 [main] INFO  marytts.HMMSynthesizer Starting power-on self test.
2025-06-15 18:04:09,408 [main] INFO  marytts.HMMSynthesizer Power-on self test complete.
2025-06-15 18:04:09,408 [main] INFO  marytts.TextToMaryXML Module started (TEXT->RAWMARYXML, locale null).
2025-06-15 18:04:09,408 [main] INFO  marytts.TextToMaryXML Starting power-on self test.
2025-06-15 18:04:09,411 [main] WARN  marytts.TextToMaryXML Locale is null, overriding with en_US
2025-06-15 18:04:09,412 [main] WARN  marytts.TextToMaryXML Locale is null, overriding with en_US
2025-06-15 18:04:09,412 [main] INFO  marytts.TextToMaryXML Power-on self test complete.
2025-06-15 18:04:09,525 [main] INFO  marytts.SableParser Module started (SABLE->RAWMARYXML, locale null).
2025-06-15 18:04:09,525 [main] INFO  marytts.SableParser Starting power-on self test.
2025-06-15 18:04:09,526 [main] INFO  marytts.SableParser Power-on self test complete.
2025-06-15 18:04:09,554 [main] INFO  marytts.SSMLParser Module started (SSML->RAWMARYXML, locale null).
2025-06-15 18:04:09,555 [main] INFO  marytts.SSMLParser Starting power-on self test.
2025-06-15 18:04:09,555 [main] INFO  marytts.SSMLParser Power-on self test complete.
2025-06-15 18:04:09,578 [main] INFO  marytts.APMLParser Module started (APML->RAWMARYXML, locale null).
2025-06-15 18:04:09,578 [main] INFO  marytts.APMLParser Starting power-on self test.
2025-06-15 18:04:09,579 [main] INFO  marytts.APMLParser Power-on self test complete.
2025-06-15 18:04:09,594 [main] INFO  marytts.EmotionmlParser Module started (EMOTIONML->RAWMARYXML, locale null).
2025-06-15 18:04:09,594 [main] INFO  marytts.EmotionmlParser Starting power-on self test.
2025-06-15 18:04:09,594 [main] INFO  marytts.EmotionmlParser Power-on self test complete.
2025-06-15 18:04:09,594 [main] INFO  marytts.JTokeniser Module started (RAWMARYXML->TOKENS, locale null).
2025-06-15 18:04:09,608 [main] INFO  marytts.JTokeniser Starting power-on self test.
2025-06-15 18:04:09,608 [main] INFO  marytts.JTokeniser Power-on self test complete.
2025-06-15 18:04:09,608 [main] INFO  marytts.DummyTokens2Words Module started (TOKENS->WORDS, locale null).
2025-06-15 18:04:09,608 [main] INFO  marytts.DummyTokens2Words Starting power-on self test.
2025-06-15 18:04:09,608 [main] INFO  marytts.DummyTokens2Words Power-on self test complete.
2025-06-15 18:04:09,611 [main] INFO  marytts.Prosody Module started (PHONEMES->INTONATION, locale null).
2025-06-15 18:04:09,611 [main] INFO  marytts.Prosody Starting power-on self test.
2025-06-15 18:04:09,611 [main] INFO  marytts.Prosody Power-on self test complete.
2025-06-15 18:04:09,611 [main] INFO  marytts.PronunciationModel Module started (INTONATION->ALLOPHONES, locale null).
2025-06-15 18:04:09,611 [main] INFO  marytts.PronunciationModel Starting power-on self test.
2025-06-15 18:04:09,611 [main] INFO  marytts.PronunciationModel Power-on self test complete.
2025-06-15 18:04:09,611 [main] INFO  marytts.TargetFeatureLister Starting power-on self test.
2025-06-15 18:04:09,612 [main] INFO  marytts.TargetFeatureLister Power-on self test complete.
2025-06-15 18:04:09,612 [main] INFO  marytts.TargetFeatureLister Module started (ACOUSTPARAMS->HALFPHONE_TARGETFEATURES, locale null).
2025-06-15 18:04:09,612 [main] INFO  marytts.TargetFeatureLister Starting power-on self test.
2025-06-15 18:04:09,612 [main] INFO  marytts.TargetFeatureLister Power-on self test complete.
2025-06-15 18:04:09,612 [main] INFO  marytts.AcousticModeller Module started (ALLOPHONES->ACOUSTPARAMS, locale null).
2025-06-15 18:04:09,612 [main] INFO  marytts.AcousticModeller Starting power-on self test.
2025-06-15 18:04:09,612 [main] INFO  marytts.AcousticModeller Power-on self test complete.
2025-06-15 18:04:09,612 [main] INFO  marytts.Realised acoustparams extractor Module started (AUDIO->REALISED_ACOUSTPARAMS, locale null).
2025-06-15 18:04:09,612 [main] INFO  marytts.Realised acoustparams extractor Starting power-on self test.
2025-06-15 18:04:09,612 [main] INFO  marytts.Realised acoustparams extractor Power-on self test complete.
2025-06-15 18:04:09,612 [main] INFO  marytts.Realised durations extractor Module started (AUDIO->REALISED_DURATIONS, locale null).
2025-06-15 18:04:09,612 [main] INFO  marytts.Realised durations extractor Starting power-on self test.
2025-06-15 18:04:09,612 [main] INFO  marytts.Realised durations extractor Power-on self test complete.
2025-06-15 18:04:09,612 [main] INFO  marytts.Praat TextGrid generator Module started (REALISED_ACOUSTPARAMS->PRAAT_TEXTGRID, locale null).
2025-06-15 18:04:09,612 [main] INFO  marytts.Praat TextGrid generator Starting power-on self test.
2025-06-15 18:04:09,612 [main] INFO  marytts.Praat TextGrid generator Power-on self test complete.
2025-06-15 18:04:09,612 [main] INFO  marytts.main Startup complete.
2025-06-15 18:04:09,615 [main] INFO  marytts.R 1 New request (input type "TEXT", output type "AUDIO", voice "dfki-ot-hsmm", audio "WAVE")
2025-06-15 18:04:09,615 [main] INFO  marytts.R 1 Handling request using the following modules:
2025-06-15 18:04:09,616 [main] INFO  marytts.R 1 - TextToMaryXML (marytts.modules.TextToMaryXML)
2025-06-15 18:04:09,616 [main] INFO  marytts.R 1 Next module: TextToMaryXML
2025-06-15 18:04:09,616 [main] INFO  marytts.R 1 Handling request using the following modules:
2025-06-15 18:04:09,616 [main] INFO  marytts.R 1 - JTokeniser (marytts.modules.JTokeniser)
2025-06-15 18:04:09,616 [main] INFO  marytts.R 1 - DummyTokens2Words (marytts.modules.DummyTokens2Words)
2025-06-15 18:04:09,616 [main] INFO  marytts.R 1 - OpenNLPPosTagger (marytts.modules.MinimalisticPosTagger)
2025-06-15 18:04:09,616 [main] INFO  marytts.R 1 - JPhonemiser (marytts.modules.JPhonemiser)
2025-06-15 18:04:09,616 [main] INFO  marytts.R 1 - Prosody (marytts.modules.ProsodyGeneric)
2025-06-15 18:04:09,616 [main] INFO  marytts.R 1 - PronunciationModel (marytts.modules.PronunciationModel)
2025-06-15 18:04:09,616 [main] INFO  marytts.R 1 - AcousticModeller (marytts.modules.AcousticModeller)
2025-06-15 18:04:09,616 [main] INFO  marytts.R 1 - Synthesis (marytts.modules.Synthesis)
2025-06-15 18:04:09,616 [main] INFO  marytts.R 1 Next module: JTokeniser
2025-06-15 18:04:09,617 [main] INFO  marytts.R 1 Next module: DummyTokens2Words
2025-06-15 18:04:09,617 [main] INFO  marytts.R 1 Next module: OpenNLPPosTagger
2025-06-15 18:04:09,617 [main] INFO  marytts.R 1 Next module: JPhonemiser
2025-06-15 18:04:09,622 [main] INFO  marytts.R 1 Next module: Prosody
2025-06-15 18:04:09,623 [main] INFO  marytts.R 1 Next module: PronunciationModel
2025-06-15 18:04:09,624 [main] INFO  marytts.R 1 Next module: AcousticModeller
2025-06-15 18:04:09,634 [main] INFO  marytts.ParameterGeneration Parameter generation for LF0: 
2025-06-15 18:04:09,634 [main] INFO  marytts.PStream Global variance optimization
2025-06-15 18:04:09,634 [main] INFO  marytts.PStream Gradient GV optimization for feature: (0)  number of iterations=1
2025-06-15 18:04:09,640 [main] INFO  marytts.R 1 Next module: Synthesis
2025-06-15 18:04:09,647 [main] INFO  marytts.HMMSynthesizer Synthesizing one sentence.
2025-06-15 18:04:09,648 [main] INFO  marytts.HTSEngine Using prosody from acoustparams.
2025-06-15 18:04:09,649 [main] INFO  marytts.HTSEngine Number of models in sentence numModel=24  Total number of states numState=120
2025-06-15 18:04:09,649 [main] INFO  marytts.HTSEngine Total number of frames=572  Number of voiced frames=193
2025-06-15 18:04:09,652 [main] INFO  marytts.ParameterGeneration Parameter generation for MGC: 
2025-06-15 18:04:09,652 [main] INFO  marytts.PStream Global variance optimization
2025-06-15 18:04:09,660 [main] INFO  marytts.PStream Gradient GV optimization for feature: (0)  number of iterations=26
2025-06-15 18:04:09,664 [main] INFO  marytts.PStream Gradient GV optimization for feature: (1)  number of iterations=24
2025-06-15 18:04:09,664 [main] INFO  marytts.PStream Gradient GV optimization for feature: (2)  number of iterations=2
2025-06-15 18:04:09,665 [main] INFO  marytts.PStream Gradient GV optimization for feature: (3)  number of iterations=22
2025-06-15 18:04:09,666 [main] INFO  marytts.PStream Gradient GV optimization for feature: (4)  number of iterations=23
2025-06-15 18:04:09,668 [main] INFO  marytts.PStream Gradient GV optimization for feature: (5)  number of iterations=26
2025-06-15 18:04:09,669 [main] INFO  marytts.PStream Gradient GV optimization for feature: (6)  number of iterations=14
2025-06-15 18:04:09,670 [main] INFO  marytts.PStream Gradient GV optimization for feature: (7)  number of iterations=22
2025-06-15 18:04:09,670 [main] INFO  marytts.PStream Gradient GV optimization for feature: (8)  number of iterations=10
2025-06-15 18:04:09,671 [main] INFO  marytts.PStream Gradient GV optimization for feature: (9)  number of iterations=14
2025-06-15 18:04:09,673 [main] INFO  marytts.PStream Gradient GV optimization for feature: (10)  number of iterations=47
2025-06-15 18:04:09,674 [main] INFO  marytts.PStream Gradient GV optimization for feature: (11)  number of iterations=16
2025-06-15 18:04:09,675 [main] INFO  marytts.PStream Gradient GV optimization for feature: (12)  number of iterations=17
2025-06-15 18:04:09,676 [main] INFO  marytts.PStream Gradient GV optimization for feature: (13)  number of iterations=4
2025-06-15 18:04:09,677 [main] INFO  marytts.PStream Gradient GV optimization for feature: (14)  number of iterations=8
2025-06-15 18:04:09,678 [main] INFO  marytts.PStream Gradient GV optimization for feature: (15)  number of iterations=4
2025-06-15 18:04:09,679 [main] INFO  marytts.PStream Gradient GV optimization for feature: (16)  number of iterations=18
2025-06-15 18:04:09,680 [main] INFO  marytts.PStream Gradient GV optimization for feature: (17)  number of iterations=19
2025-06-15 18:04:09,681 [main] INFO  marytts.PStream Gradient GV optimization for feature: (18)  number of iterations=18
2025-06-15 18:04:09,683 [main] INFO  marytts.PStream Gradient GV optimization for feature: (19)  number of iterations=39
2025-06-15 18:04:09,683 [main] INFO  marytts.PStream Gradient GV optimization for feature: (20)  number of iterations=12
2025-06-15 18:04:09,684 [main] INFO  marytts.PStream Gradient GV optimization for feature: (21)  number of iterations=9
2025-06-15 18:04:09,685 [main] INFO  marytts.PStream Gradient GV optimization for feature: (22)  number of iterations=10
2025-06-15 18:04:09,685 [main] INFO  marytts.PStream Gradient GV optimization for feature: (23)  number of iterations=5
2025-06-15 18:04:09,687 [main] INFO  marytts.PStream Gradient GV optimization for feature: (24)  number of iterations=20
2025-06-15 18:04:09,687 [main] INFO  marytts.ParameterGeneration Using f0 from maryXML acoustparams
2025-06-15 18:04:09,688 [main] INFO  marytts.PStream Global variance optimization
2025-06-15 18:04:09,691 [main] INFO  marytts.PStream Gradient GV optimization for feature: (0)  number of iterations=18
2025-06-15 18:04:09,692 [main] INFO  marytts.PStream Gradient GV optimization for feature: (1)  number of iterations=16
2025-06-15 18:04:09,694 [main] INFO  marytts.PStream Gradient GV optimization for feature: (2)  number of iterations=31
2025-06-15 18:04:09,700 [main] INFO  marytts.PStream    optimization stopped by reaching max number of iterations (no global variance applied)
2025-06-15 18:04:09,700 [main] INFO  marytts.PStream Gradient GV optimization for feature: (3)  number of iterations=101
2025-06-15 18:04:09,714 [main] INFO  marytts.PStream Gradient GV optimization for feature: (4)  number of iterations=93
2025-06-15 18:04:09,716 [main] INFO  marytts.R 1 Request processed in 101 ms.
2025-06-15 18:04:09,716 [main] INFO  marytts.R 1    TextToMaryXML took 0 ms
2025-06-15 18:04:09,716 [main] INFO  marytts.R 1    JTokeniser took 1 ms
2025-06-15 18:04:09,716 [main] INFO  marytts.R 1    DummyTokens2Words took 0 ms
2025-06-15 18:04:09,716 [main] INFO  marytts.R 1    OpenNLPPosTagger took 0 ms
2025-06-15 18:04:09,716 [main] INFO  marytts.R 1    JPhonemiser took 5 ms
2025-06-15 18:04:09,716 [main] INFO  marytts.R 1    Prosody took 1 ms
2025-06-15 18:04:09,716 [main] INFO  marytts.R 1    PronunciationModel took 1 ms
2025-06-15 18:04:09,716 [main] INFO  marytts.R 1    AcousticModeller took 16 ms
2025-06-15 18:04:09,716 [main] INFO  marytts.R 1    Synthesis took 76 ms
2025-06-15 18:05:24,763 [main] INFO  marytts.R 1 New request (input type "TEXT", output type "AUDIO", voice "dfki-ot-hsmm", audio "WAVE")
2025-06-15 18:05:24,763 [main] INFO  marytts.R 1 Handling request using the following modules:
2025-06-15 18:05:24,763 [main] INFO  marytts.R 1 - TextToMaryXML (marytts.modules.TextToMaryXML)
2025-06-15 18:05:24,763 [main] INFO  marytts.R 1 Next module: TextToMaryXML
2025-06-15 18:05:24,764 [main] INFO  marytts.R 1 Handling request using the following modules:
2025-06-15 18:05:24,764 [main] INFO  marytts.R 1 - JTokeniser (marytts.modules.JTokeniser)
2025-06-15 18:05:24,764 [main] INFO  marytts.R 1 - DummyTokens2Words (marytts.modules.DummyTokens2Words)
2025-06-15 18:05:24,764 [main] INFO  marytts.R 1 - OpenNLPPosTagger (marytts.modules.MinimalisticPosTagger)
2025-06-15 18:05:24,764 [main] INFO  marytts.R 1 - JPhonemiser (marytts.modules.JPhonemiser)
2025-06-15 18:05:24,764 [main] INFO  marytts.R 1 - Prosody (marytts.modules.ProsodyGeneric)
2025-06-15 18:05:24,764 [main] INFO  marytts.R 1 - PronunciationModel (marytts.modules.PronunciationModel)
2025-06-15 18:05:24,764 [main] INFO  marytts.R 1 - AcousticModeller (marytts.modules.AcousticModeller)
2025-06-15 18:05:24,764 [main] INFO  marytts.R 1 - Synthesis (marytts.modules.Synthesis)
2025-06-15 18:05:24,764 [main] INFO  marytts.R 1 Next module: JTokeniser
2025-06-15 18:05:24,765 [main] INFO  marytts.R 1 Next module: DummyTokens2Words
2025-06-15 18:05:24,765 [main] INFO  marytts.R 1 Next module: OpenNLPPosTagger
2025-06-15 18:05:24,765 [main] INFO  marytts.R 1 Next module: JPhonemiser
2025-06-15 18:05:24,767 [main] INFO  marytts.R 1 Next module: Prosody
2025-06-15 18:05:24,768 [main] INFO  marytts.R 1 Next module: PronunciationModel
2025-06-15 18:05:24,769 [main] INFO  marytts.R 1 Next module: AcousticModeller
2025-06-15 18:05:24,779 [main] INFO  marytts.ParameterGeneration Parameter generation for LF0: 
2025-06-15 18:05:24,779 [main] INFO  marytts.PStream Global variance optimization
2025-06-15 18:05:24,780 [main] INFO  marytts.PStream Gradient GV optimization for feature: (0)  number of iterations=15
2025-06-15 18:05:24,782 [main] INFO  marytts.R 1 Next module: Synthesis
2025-06-15 18:05:24,782 [main] INFO  marytts.HMMSynthesizer Synthesizing one sentence.
2025-06-15 18:05:24,783 [main] INFO  marytts.HTSEngine Using prosody from acoustparams.
2025-06-15 18:05:24,784 [main] INFO  marytts.HTSEngine Number of models in sentence numModel=28  Total number of states numState=140
2025-06-15 18:05:24,784 [main] INFO  marytts.HTSEngine Total number of frames=583  Number of voiced frames=254
2025-06-15 18:05:24,785 [main] INFO  marytts.ParameterGeneration Parameter generation for MGC: 
2025-06-15 18:05:24,785 [main] INFO  marytts.PStream Global variance optimization
2025-06-15 18:05:24,787 [main] INFO  marytts.PStream Gradient GV optimization for feature: (0)  number of iterations=26
2025-06-15 18:05:24,788 [main] INFO  marytts.PStream Gradient GV optimization for feature: (1)  number of iterations=23
2025-06-15 18:05:24,789 [main] INFO  marytts.PStream Gradient GV optimization for feature: (2)  number of iterations=2
2025-06-15 18:05:24,790 [main] INFO  marytts.PStream Gradient GV optimization for feature: (3)  number of iterations=23
2025-06-15 18:05:24,791 [main] INFO  marytts.PStream Gradient GV optimization for feature: (4)  number of iterations=21
2025-06-15 18:05:24,791 [main] INFO  marytts.PStream Gradient GV optimization for feature: (5)  number of iterations=18
2025-06-15 18:05:24,792 [main] INFO  marytts.PStream Gradient GV optimization for feature: (6)  number of iterations=12
2025-06-15 18:05:24,792 [main] INFO  marytts.PStream Gradient GV optimization for feature: (7)  number of iterations=16
2025-06-15 18:05:24,793 [main] INFO  marytts.PStream Gradient GV optimization for feature: (8)  number of iterations=10
2025-06-15 18:05:24,793 [main] INFO  marytts.PStream Gradient GV optimization for feature: (9)  number of iterations=23
2025-06-15 18:05:24,794 [main] INFO  marytts.PStream Gradient GV optimization for feature: (10)  number of iterations=17
2025-06-15 18:05:24,794 [main] INFO  marytts.PStream Gradient GV optimization for feature: (11)  number of iterations=9
2025-06-15 18:05:24,795 [main] INFO  marytts.PStream Gradient GV optimization for feature: (12)  number of iterations=20
2025-06-15 18:05:24,795 [main] INFO  marytts.PStream Gradient GV optimization for feature: (13)  number of iterations=3
2025-06-15 18:05:24,795 [main] INFO  marytts.PStream Gradient GV optimization for feature: (14)  number of iterations=8
2025-06-15 18:05:24,795 [main] INFO  marytts.PStream Gradient GV optimization for feature: (15)  number of iterations=4
2025-06-15 18:05:24,796 [main] INFO  marytts.PStream Gradient GV optimization for feature: (16)  number of iterations=11
2025-06-15 18:05:24,796 [main] INFO  marytts.PStream Gradient GV optimization for feature: (17)  number of iterations=22
2025-06-15 18:05:24,797 [main] INFO  marytts.PStream Gradient GV optimization for feature: (18)  number of iterations=21
2025-06-15 18:05:24,797 [main] INFO  marytts.PStream Gradient GV optimization for feature: (19)  number of iterations=2
2025-06-15 18:05:24,797 [main] INFO  marytts.PStream Gradient GV optimization for feature: (20)  number of iterations=2
2025-06-15 18:05:24,798 [main] INFO  marytts.PStream Gradient GV optimization for feature: (21)  number of iterations=26
2025-06-15 18:05:24,798 [main] INFO  marytts.PStream Gradient GV optimization for feature: (22)  number of iterations=2
2025-06-15 18:05:24,799 [main] INFO  marytts.PStream Gradient GV optimization for feature: (23)  number of iterations=13
2025-06-15 18:05:24,799 [main] INFO  marytts.PStream Gradient GV optimization for feature: (24)  number of iterations=11
2025-06-15 18:05:24,799 [main] INFO  marytts.ParameterGeneration Using f0 from maryXML acoustparams
2025-06-15 18:05:24,800 [main] INFO  marytts.PStream Global variance optimization
2025-06-15 18:05:24,801 [main] INFO  marytts.PStream Gradient GV optimization for feature: (0)  number of iterations=98
2025-06-15 18:05:24,801 [main] INFO  marytts.PStream Gradient GV optimization for feature: (1)  number of iterations=23
2025-06-15 18:05:24,802 [main] INFO  marytts.PStream Gradient GV optimization for feature: (2)  number of iterations=34
2025-06-15 18:05:24,803 [main] INFO  marytts.PStream Gradient GV optimization for feature: (3)  number of iterations=52
2025-06-15 18:05:24,803 [main] INFO  marytts.PStream Gradient GV optimization for feature: (4)  number of iterations=27
2025-06-15 18:05:24,803 [main] INFO  marytts.R 1 Request processed in 40 ms.
2025-06-15 18:05:24,803 [main] INFO  marytts.R 1    TextToMaryXML took 0 ms
2025-06-15 18:05:24,803 [main] INFO  marytts.R 1    JTokeniser took 1 ms
2025-06-15 18:05:24,803 [main] INFO  marytts.R 1    DummyTokens2Words took 0 ms
2025-06-15 18:05:24,803 [main] INFO  marytts.R 1    OpenNLPPosTagger took 0 ms
2025-06-15 18:05:24,803 [main] INFO  marytts.R 1    JPhonemiser took 2 ms
2025-06-15 18:05:24,803 [main] INFO  marytts.R 1    Prosody took 1 ms
2025-06-15 18:05:24,803 [main] INFO  marytts.R 1    PronunciationModel took 1 ms
2025-06-15 18:05:24,803 [main] INFO  marytts.R 1    AcousticModeller took 13 ms
2025-06-15 18:05:24,803 [main] INFO  marytts.R 1    Synthesis took 21 ms
2025-06-15 18:07:23,107 [main] INFO  marytts.R 1 New request (input type "TEXT", output type "AUDIO", voice "dfki-ot-hsmm", audio "WAVE")
2025-06-15 18:07:23,107 [main] INFO  marytts.R 1 Handling request using the following modules:
2025-06-15 18:07:23,107 [main] INFO  marytts.R 1 - TextToMaryXML (marytts.modules.TextToMaryXML)
2025-06-15 18:07:23,107 [main] INFO  marytts.R 1 Next module: TextToMaryXML
2025-06-15 18:07:23,108 [main] INFO  marytts.R 1 Handling request using the following modules:
2025-06-15 18:07:23,108 [main] INFO  marytts.R 1 - JTokeniser (marytts.modules.JTokeniser)
2025-06-15 18:07:23,108 [main] INFO  marytts.R 1 - DummyTokens2Words (marytts.modules.DummyTokens2Words)
2025-06-15 18:07:23,108 [main] INFO  marytts.R 1 - OpenNLPPosTagger (marytts.modules.MinimalisticPosTagger)
2025-06-15 18:07:23,108 [main] INFO  marytts.R 1 - JPhonemiser (marytts.modules.JPhonemiser)
2025-06-15 18:07:23,108 [main] INFO  marytts.R 1 - Prosody (marytts.modules.ProsodyGeneric)
2025-06-15 18:07:23,108 [main] INFO  marytts.R 1 - PronunciationModel (marytts.modules.PronunciationModel)
2025-06-15 18:07:23,108 [main] INFO  marytts.R 1 - AcousticModeller (marytts.modules.AcousticModeller)
2025-06-15 18:07:23,108 [main] INFO  marytts.R 1 - Synthesis (marytts.modules.Synthesis)
2025-06-15 18:07:23,108 [main] INFO  marytts.R 1 Next module: JTokeniser
2025-06-15 18:07:23,108 [main] INFO  marytts.R 1 Next module: DummyTokens2Words
2025-06-15 18:07:23,108 [main] INFO  marytts.R 1 Next module: OpenNLPPosTagger
2025-06-15 18:07:23,108 [main] INFO  marytts.R 1 Next module: JPhonemiser
2025-06-15 18:07:23,109 [main] INFO  marytts.R 1 Next module: Prosody
2025-06-15 18:07:23,109 [main] INFO  marytts.R 1 Next module: PronunciationModel
2025-06-15 18:07:23,110 [main] INFO  marytts.R 1 Next module: AcousticModeller
2025-06-15 18:07:23,113 [main] INFO  marytts.ParameterGeneration Parameter generation for LF0: 
2025-06-15 18:07:23,113 [main] INFO  marytts.PStream Global variance optimization
2025-06-15 18:07:23,113 [main] INFO  marytts.PStream Gradient GV optimization for feature: (0)  number of iterations=15
2025-06-15 18:07:23,114 [main] INFO  marytts.R 1 Next module: Synthesis
2025-06-15 18:07:23,115 [main] INFO  marytts.HMMSynthesizer Synthesizing one sentence.
2025-06-15 18:07:23,115 [main] INFO  marytts.HTSEngine Using prosody from acoustparams.
2025-06-15 18:07:23,116 [main] INFO  marytts.HTSEngine Number of models in sentence numModel=28  Total number of states numState=140
2025-06-15 18:07:23,116 [main] INFO  marytts.HTSEngine Total number of frames=583  Number of voiced frames=254
2025-06-15 18:07:23,117 [main] INFO  marytts.ParameterGeneration Parameter generation for MGC: 
2025-06-15 18:07:23,117 [main] INFO  marytts.PStream Global variance optimization
2025-06-15 18:07:23,117 [main] INFO  marytts.PStream Gradient GV optimization for feature: (0)  number of iterations=26
2025-06-15 18:07:23,118 [main] INFO  marytts.PStream Gradient GV optimization for feature: (1)  number of iterations=23
2025-06-15 18:07:23,118 [main] INFO  marytts.PStream Gradient GV optimization for feature: (2)  number of iterations=2
2025-06-15 18:07:23,118 [main] INFO  marytts.PStream Gradient GV optimization for feature: (3)  number of iterations=23
2025-06-15 18:07:23,118 [main] INFO  marytts.PStream Gradient GV optimization for feature: (4)  number of iterations=21
2025-06-15 18:07:23,119 [main] INFO  marytts.PStream Gradient GV optimization for feature: (5)  number of iterations=18
2025-06-15 18:07:23,119 [main] INFO  marytts.PStream Gradient GV optimization for feature: (6)  number of iterations=12
2025-06-15 18:07:23,119 [main] INFO  marytts.PStream Gradient GV optimization for feature: (7)  number of iterations=16
2025-06-15 18:07:23,119 [main] INFO  marytts.PStream Gradient GV optimization for feature: (8)  number of iterations=10
2025-06-15 18:07:23,120 [main] INFO  marytts.PStream Gradient GV optimization for feature: (9)  number of iterations=23
2025-06-15 18:07:23,120 [main] INFO  marytts.PStream Gradient GV optimization for feature: (10)  number of iterations=17
2025-06-15 18:07:23,120 [main] INFO  marytts.PStream Gradient GV optimization for feature: (11)  number of iterations=9
2025-06-15 18:07:23,121 [main] INFO  marytts.PStream Gradient GV optimization for feature: (12)  number of iterations=20
2025-06-15 18:07:23,121 [main] INFO  marytts.PStream Gradient GV optimization for feature: (13)  number of iterations=3
2025-06-15 18:07:23,121 [main] INFO  marytts.PStream Gradient GV optimization for feature: (14)  number of iterations=8
2025-06-15 18:07:23,121 [main] INFO  marytts.PStream Gradient GV optimization for feature: (15)  number of iterations=4
2025-06-15 18:07:23,121 [main] INFO  marytts.PStream Gradient GV optimization for feature: (16)  number of iterations=11
2025-06-15 18:07:23,122 [main] INFO  marytts.PStream Gradient GV optimization for feature: (17)  number of iterations=22
2025-06-15 18:07:23,122 [main] INFO  marytts.PStream Gradient GV optimization for feature: (18)  number of iterations=21
2025-06-15 18:07:23,123 [main] INFO  marytts.PStream Gradient GV optimization for feature: (19)  number of iterations=2
2025-06-15 18:07:23,123 [main] INFO  marytts.PStream Gradient GV optimization for feature: (20)  number of iterations=2
2025-06-15 18:07:23,124 [main] INFO  marytts.PStream Gradient GV optimization for feature: (21)  number of iterations=26
2025-06-15 18:07:23,124 [main] INFO  marytts.PStream Gradient GV optimization for feature: (22)  number of iterations=2
2025-06-15 18:07:23,124 [main] INFO  marytts.PStream Gradient GV optimization for feature: (23)  number of iterations=13
2025-06-15 18:07:23,125 [main] INFO  marytts.PStream Gradient GV optimization for feature: (24)  number of iterations=11
2025-06-15 18:07:23,125 [main] INFO  marytts.ParameterGeneration Using f0 from maryXML acoustparams
2025-06-15 18:07:23,126 [main] INFO  marytts.PStream Global variance optimization
2025-06-15 18:07:23,127 [main] INFO  marytts.PStream Gradient GV optimization for feature: (0)  number of iterations=98
2025-06-15 18:07:23,128 [main] INFO  marytts.PStream Gradient GV optimization for feature: (1)  number of iterations=23
2025-06-15 18:07:23,128 [main] INFO  marytts.PStream Gradient GV optimization for feature: (2)  number of iterations=34
2025-06-15 18:07:23,129 [main] INFO  marytts.PStream Gradient GV optimization for feature: (3)  number of iterations=52
2025-06-15 18:07:23,129 [main] INFO  marytts.PStream Gradient GV optimization for feature: (4)  number of iterations=27
2025-06-15 18:07:23,129 [main] INFO  marytts.R 1 Request processed in 22 ms.
2025-06-15 18:07:23,129 [main] INFO  marytts.R 1    TextToMaryXML took 1 ms
2025-06-15 18:07:23,129 [main] INFO  marytts.R 1    JTokeniser took 0 ms
2025-06-15 18:07:23,129 [main] INFO  marytts.R 1    DummyTokens2Words took 0 ms
2025-06-15 18:07:23,129 [main] INFO  marytts.R 1    OpenNLPPosTagger took 0 ms
2025-06-15 18:07:23,129 [main] INFO  marytts.R 1    JPhonemiser took 1 ms
2025-06-15 18:07:23,129 [main] INFO  marytts.R 1    Prosody took 0 ms
2025-06-15 18:07:23,129 [main] INFO  marytts.R 1    PronunciationModel took 1 ms
2025-06-15 18:07:23,129 [main] INFO  marytts.R 1    AcousticModeller took 4 ms
2025-06-15 18:07:23,129 [main] INFO  marytts.R 1    Synthesis took 15 ms
2025-06-15 18:10:40,685 [Thread-1] INFO  marytts.main Shutting down modules...
2025-06-15 18:10:40,685 [Thread-1] INFO  marytts.JPhonemiser Module shut down.
2025-06-15 18:10:40,685 [Thread-1] INFO  marytts.OpenNLPPosTagger Module shut down.
2025-06-15 18:10:40,685 [Thread-1] INFO  marytts.Synthesis Module shut down.
2025-06-15 18:10:40,685 [Thread-1] INFO  marytts.TextToMaryXML Module shut down.
2025-06-15 18:10:40,685 [Thread-1] INFO  marytts.SableParser Module shut down.
2025-06-15 18:10:40,685 [Thread-1] INFO  marytts.SSMLParser Module shut down.
2025-06-15 18:10:40,685 [Thread-1] INFO  marytts.APMLParser Module shut down.
2025-06-15 18:10:40,685 [Thread-1] INFO  marytts.EmotionmlParser Module shut down.
2025-06-15 18:10:40,685 [Thread-1] INFO  marytts.JTokeniser Module shut down.
2025-06-15 18:10:40,685 [Thread-1] INFO  marytts.DummyTokens2Words Module shut down.
2025-06-15 18:10:40,685 [Thread-1] INFO  marytts.Prosody Module shut down.
2025-06-15 18:10:40,685 [Thread-1] INFO  marytts.PronunciationModel Module shut down.
2025-06-15 18:10:40,685 [Thread-1] INFO  marytts.TargetFeatureLister Module shut down.
2025-06-15 18:10:40,685 [Thread-1] INFO  marytts.TargetFeatureLister Module shut down.
2025-06-15 18:10:40,685 [Thread-1] INFO  marytts.AcousticModeller Module shut down.
2025-06-15 18:10:40,686 [Thread-1] INFO  marytts.Realised acoustparams extractor Module shut down.
2025-06-15 18:10:40,686 [Thread-1] INFO  marytts.Realised durations extractor Module shut down.
2025-06-15 18:10:40,686 [Thread-1] INFO  marytts.HTSEngine Module shut down.
2025-06-15 18:10:40,686 [Thread-1] INFO  marytts.Praat TextGrid generator Module shut down.
2025-06-15 18:10:40,686 [Thread-1] INFO  marytts.main Shutdown complete.
